0 info it worked if it ends with ok
1 verbose cli [ '/Users/tobiasheine/Documents/repos/spikes/game-of-life-multiplatform/web/.gradle/nodejs/node-v6.9.1-darwin-x64/bin/node',
1 verbose cli   '/Users/tobiasheine/Documents/repos/spikes/game-of-life-multiplatform/web/.gradle/nodejs/node-v6.9.1-darwin-x64/bin/npm',
1 verbose cli   'run',
1 verbose cli   'dist' ]
2 info using npm@3.10.8
3 info using node@v6.9.1
4 verbose run-script [ 'predist', 'dist', 'postdist' ]
5 info lifecycle @~predist: @
6 silly lifecycle @~predist: no script for predist, continuing
7 info lifecycle @~dist: @
8 verbose lifecycle @~dist: unsafe-perm in lifecycle true
9 verbose lifecycle @~dist: PATH: /Users/tobiasheine/Documents/repos/spikes/game-of-life-multiplatform/web/.gradle/nodejs/node-v6.9.1-darwin-x64/lib/node_modules/npm/bin/node-gyp-bin:/Users/tobiasheine/Documents/repos/spikes/game-of-life-multiplatform/web/node_modules/.bin:/Users/tobiasheine/Documents/repos/spikes/game-of-life-multiplatform/web/.gradle/nodejs/node-v6.9.1-darwin-x64/bin:/Users/tobiasheine/Documents/repos/spikes/game-of-life-multiplatform/web/.gradle/nodejs/node-v6.9.1-darwin-x64/bin:/usr/local/bin:/usr/bin:/bin:/usr/sbin:/sbin:/Users/tobiasheine/Library/Android/sdk/tools:/Users/tobiasheine/Library/Android/sdk/platform-tools
10 verbose lifecycle @~dist: CWD: /Users/tobiasheine/Documents/repos/spikes/game-of-life-multiplatform/web
11 silly lifecycle @~dist: Args: [ '-c', 'webpack' ]
12 silly lifecycle @~dist: Returned: code: 2  signal: null
13 info lifecycle @~dist: Failed to exec dist script
14 verbose stack Error: @ dist: `webpack`
14 verbose stack Exit status 2
14 verbose stack     at EventEmitter.<anonymous> (/Users/tobiasheine/Documents/repos/spikes/game-of-life-multiplatform/web/.gradle/nodejs/node-v6.9.1-darwin-x64/lib/node_modules/npm/lib/utils/lifecycle.js:255:16)
14 verbose stack     at emitTwo (events.js:106:13)
14 verbose stack     at EventEmitter.emit (events.js:191:7)
14 verbose stack     at ChildProcess.<anonymous> (/Users/tobiasheine/Documents/repos/spikes/game-of-life-multiplatform/web/.gradle/nodejs/node-v6.9.1-darwin-x64/lib/node_modules/npm/lib/utils/spawn.js:40:14)
14 verbose stack     at emitTwo (events.js:106:13)
14 verbose stack     at ChildProcess.emit (events.js:191:7)
14 verbose stack     at maybeClose (internal/child_process.js:877:16)
14 verbose stack     at Process.ChildProcess._handle.onexit (internal/child_process.js:226:5)
15 verbose pkgid @
16 verbose cwd /Users/tobiasheine/Documents/repos/spikes/game-of-life-multiplatform/web
17 error Darwin 17.4.0
18 error argv "/Users/tobiasheine/Documents/repos/spikes/game-of-life-multiplatform/web/.gradle/nodejs/node-v6.9.1-darwin-x64/bin/node" "/Users/tobiasheine/Documents/repos/spikes/game-of-life-multiplatform/web/.gradle/nodejs/node-v6.9.1-darwin-x64/bin/npm" "run" "dist"
19 error node v6.9.1
20 error npm  v3.10.8
21 error code ELIFECYCLE
22 error @ dist: `webpack`
22 error Exit status 2
23 error Failed at the @ dist script 'webpack'.
23 error Make sure you have the latest version of node.js and npm installed.
23 error If you do, this is most likely a problem with the  package,
23 error not with npm itself.
23 error Tell the author that this fails on your system:
23 error     webpack
23 error You can get information on how to open an issue for this project with:
23 error     npm bugs
23 error Or if that isn't available, you can get their info via:
23 error     npm owner ls
23 error There is likely additional logging output above.
24 verbose exit [ 1, true ]
